Oct 18 2018 23:38:42
{"Number":8,"Message":"Undefined index: HTTPS","File":"C:\\xampp\\htdocs\\ozleasing-new\\wp-content\\mu-plugins\\wpengine-common\\plugin.php","Line":994}

Oct 18 2018 23:38:42
{"Number":2,"Message":"Invalid argument supplied for foreach()","File":"C:\\xampp\\htdocs\\ozleasing-new\\wp-content\\mu-plugins\\wpengine-common\\plugin.php","Line":1020}

Oct 18 2018 23:38:42
{"type":2,"message":"Use of undefined constant PWP_NAME - assumed 'PWP_NAME' (this will throw an Error in a future version of PHP)","file":"C:\\xampp\\htdocs\\ozleasing-new\\wp-content\\mu-plugins\\wpengine-common\\class.deployment.php","line":17}

Oct 18 2018 23:38:53
{"Number":8,"Message":"Undefined index: HTTPS","File":"C:\\xampp\\htdocs\\ozleasing-new\\wp-content\\mu-plugins\\wpengine-common\\plugin.php","Line":994}

Oct 18 2018 23:38:53
{"Number":2,"Message":"Invalid argument supplied for foreach()","File":"C:\\xampp\\htdocs\\ozleasing-new\\wp-content\\mu-plugins\\wpengine-common\\plugin.php","Line":1020}

Oct 18 2018 23:38:53
{"type":2,"message":"Use of undefined constant PWP_NAME - assumed 'PWP_NAME' (this will throw an Error in a future version of PHP)","file":"C:\\xampp\\htdocs\\ozleasing-new\\wp-content\\mu-plugins\\wpengine-common\\class.deployment.php","line":17}

Oct 18 2018 23:39:03
{"Number":8,"Message":"Undefined index: HTTPS","File":"C:\\xampp\\htdocs\\ozleasing-new\\wp-content\\mu-plugins\\wpengine-common\\plugin.php","Line":994}

Oct 18 2018 23:39:03
{"Number":2,"Message":"Invalid argument supplied for foreach()","File":"C:\\xampp\\htdocs\\ozleasing-new\\wp-content\\mu-plugins\\wpengine-common\\plugin.php","Line":1020}

Oct 18 2018 23:39:03
{"type":2,"message":"Use of undefined constant PWP_NAME - assumed 'PWP_NAME' (this will throw an Error in a future version of PHP)","file":"C:\\xampp\\htdocs\\ozleasing-new\\wp-content\\mu-plugins\\wpengine-common\\class.deployment.php","line":17}

Oct 18 2018 23:39:14
{"Number":8,"Message":"Undefined index: HTTPS","File":"C:\\xampp\\htdocs\\ozleasing-new\\wp-content\\mu-plugins\\wpengine-common\\plugin.php","Line":994}

Oct 18 2018 23:39:14
{"Number":2,"Message":"Invalid argument supplied for foreach()","File":"C:\\xampp\\htdocs\\ozleasing-new\\wp-content\\mu-plugins\\wpengine-common\\plugin.php","Line":1020}

Oct 18 2018 23:39:14
{"type":2,"message":"Use of undefined constant PWP_NAME - assumed 'PWP_NAME' (this will throw an Error in a future version of PHP)","file":"C:\\xampp\\htdocs\\ozleasing-new\\wp-content\\mu-plugins\\wpengine-common\\class.deployment.php","line":17}

Oct 18 2018 23:39:24
{"Number":8,"Message":"Undefined index: HTTPS","File":"C:\\xampp\\htdocs\\ozleasing-new\\wp-content\\mu-plugins\\wpengine-common\\plugin.php","Line":994}

Oct 18 2018 23:39:24
{"Number":2,"Message":"Invalid argument supplied for foreach()","File":"C:\\xampp\\htdocs\\ozleasing-new\\wp-content\\mu-plugins\\wpengine-common\\plugin.php","Line":1020}

Oct 18 2018 23:39:24
{"type":2,"message":"Use of undefined constant PWP_NAME - assumed 'PWP_NAME' (this will throw an Error in a future version of PHP)","file":"C:\\xampp\\htdocs\\ozleasing-new\\wp-content\\mu-plugins\\wpengine-common\\class.deployment.php","line":17}

Oct 18 2018 23:39:34
{"Number":8,"Message":"Undefined index: HTTPS","File":"C:\\xampp\\htdocs\\ozleasing-new\\wp-content\\mu-plugins\\wpengine-common\\plugin.php","Line":994}

Oct 18 2018 23:39:35
{"Number":2,"Message":"Invalid argument supplied for foreach()","File":"C:\\xampp\\htdocs\\ozleasing-new\\wp-content\\mu-plugins\\wpengine-common\\plugin.php","Line":1020}

Oct 18 2018 23:39:35
{"type":2,"message":"Use of undefined constant PWP_NAME - assumed 'PWP_NAME' (this will throw an Error in a future version of PHP)","file":"C:\\xampp\\htdocs\\ozleasing-new\\wp-content\\mu-plugins\\wpengine-common\\class.deployment.php","line":17}

Oct 18 2018 23:39:45
{"Number":8,"Message":"Undefined index: HTTPS","File":"C:\\xampp\\htdocs\\ozleasing-new\\wp-content\\mu-plugins\\wpengine-common\\plugin.php","Line":994}

Oct 18 2018 23:39:45
{"Number":2,"Message":"Invalid argument supplied for foreach()","File":"C:\\xampp\\htdocs\\ozleasing-new\\wp-content\\mu-plugins\\wpengine-common\\plugin.php","Line":1020}

Oct 18 2018 23:39:45
{"type":2,"message":"Use of undefined constant PWP_NAME - assumed 'PWP_NAME' (this will throw an Error in a future version of PHP)","file":"C:\\xampp\\htdocs\\ozleasing-new\\wp-content\\mu-plugins\\wpengine-common\\class.deployment.php","line":17}

Oct 18 2018 23:39:55
{"Number":8,"Message":"Undefined index: HTTPS","File":"C:\\xampp\\htdocs\\ozleasing-new\\wp-content\\mu-plugins\\wpengine-common\\plugin.php","Line":994}

Oct 18 2018 23:39:55
{"Number":2,"Message":"Invalid argument supplied for foreach()","File":"C:\\xampp\\htdocs\\ozleasing-new\\wp-content\\mu-plugins\\wpengine-common\\plugin.php","Line":1020}

Oct 18 2018 23:39:55
{"type":2,"message":"Use of undefined constant PWP_NAME - assumed 'PWP_NAME' (this will throw an Error in a future version of PHP)","file":"C:\\xampp\\htdocs\\ozleasing-new\\wp-content\\mu-plugins\\wpengine-common\\class.deployment.php","line":17}

Oct 18 2018 23:40:06
{"Number":8,"Message":"Undefined index: HTTPS","File":"C:\\xampp\\htdocs\\ozleasing-new\\wp-content\\mu-plugins\\wpengine-common\\plugin.php","Line":994}

Oct 18 2018 23:40:06
{"Number":2,"Message":"Invalid argument supplied for foreach()","File":"C:\\xampp\\htdocs\\ozleasing-new\\wp-content\\mu-plugins\\wpengine-common\\plugin.php","Line":1020}

Oct 18 2018 23:40:06
{"type":2,"message":"Use of undefined constant PWP_NAME - assumed 'PWP_NAME' (this will throw an Error in a future version of PHP)","file":"C:\\xampp\\htdocs\\ozleasing-new\\wp-content\\mu-plugins\\wpengine-common\\class.deployment.php","line":17}

Oct 18 2018 23:40:16
{"Number":8,"Message":"Undefined index: HTTPS","File":"C:\\xampp\\htdocs\\ozleasing-new\\wp-content\\mu-plugins\\wpengine-common\\plugin.php","Line":994}

Oct 18 2018 23:40:16
{"Number":2,"Message":"Invalid argument supplied for foreach()","File":"C:\\xampp\\htdocs\\ozleasing-new\\wp-content\\mu-plugins\\wpengine-common\\plugin.php","Line":1020}

Oct 18 2018 23:40:16
{"type":2,"message":"Use of undefined constant PWP_NAME - assumed 'PWP_NAME' (this will throw an Error in a future version of PHP)","file":"C:\\xampp\\htdocs\\ozleasing-new\\wp-content\\mu-plugins\\wpengine-common\\class.deployment.php","line":17}

Oct 18 2018 23:40:27
{"Number":8,"Message":"Undefined index: HTTPS","File":"C:\\xampp\\htdocs\\ozleasing-new\\wp-content\\mu-plugins\\wpengine-common\\plugin.php","Line":994}

Oct 18 2018 23:40:27
{"Number":2,"Message":"Invalid argument supplied for foreach()","File":"C:\\xampp\\htdocs\\ozleasing-new\\wp-content\\mu-plugins\\wpengine-common\\plugin.php","Line":1020}

Oct 18 2018 23:40:27
{"type":2,"message":"Use of undefined constant PWP_NAME - assumed 'PWP_NAME' (this will throw an Error in a future version of PHP)","file":"C:\\xampp\\htdocs\\ozleasing-new\\wp-content\\mu-plugins\\wpengine-common\\class.deployment.php","line":17}

Oct 18 2018 23:40:34
{"Number":8,"Message":"Undefined index: HTTPS","File":"C:\\xampp\\htdocs\\ozleasing-new\\wp-content\\mu-plugins\\wpengine-common\\plugin.php","Line":994}

Oct 18 2018 23:40:34
{"Number":2,"Message":"Invalid argument supplied for foreach()","File":"C:\\xampp\\htdocs\\ozleasing-new\\wp-content\\mu-plugins\\wpengine-common\\plugin.php","Line":1020}

Oct 18 2018 23:40:34
{"type":2,"message":"Use of undefined constant PWP_NAME - assumed 'PWP_NAME' (this will throw an Error in a future version of PHP)","file":"C:\\xampp\\htdocs\\ozleasing-new\\wp-content\\mu-plugins\\wpengine-common\\class.deployment.php","line":17}

Oct 18 2018 23:40:35
{"Number":8,"Message":"Undefined index: HTTPS","File":"C:\\xampp\\htdocs\\ozleasing-new\\wp-content\\mu-plugins\\wpengine-common\\plugin.php","Line":994}

Oct 18 2018 23:40:35
{"Number":2,"Message":"Invalid argument supplied for foreach()","File":"C:\\xampp\\htdocs\\ozleasing-new\\wp-content\\mu-plugins\\wpengine-common\\plugin.php","Line":1020}

Oct 18 2018 23:40:35
{"type":2,"message":"Use of undefined constant PWP_NAME - assumed 'PWP_NAME' (this will throw an Error in a future version of PHP)","file":"C:\\xampp\\htdocs\\ozleasing-new\\wp-content\\mu-plugins\\wpengine-common\\class.deployment.php","line":17}

Oct 18 2018 23:40:37
{"type":2,"message":"Use of undefined constant PWP_NAME - assumed 'PWP_NAME' (this will throw an Error in a future version of PHP)","file":"C:\\xampp\\htdocs\\ozleasing-new\\wp-content\\mu-plugins\\wpengine-common\\class.deployment.php","line":17}

Mar 03 2021 19:23:30
{"type":8,"message":"Undefined variable: labels","file":"E:\\xampp\\htdocs\\adventureexpadam\\wp-content\\themes\\adventureexp\\includes\\custom-post-type.php","line":259}

Mar 03 2021 19:23:31
{"type":8,"message":"Undefined variable: labels","file":"E:\\xampp\\htdocs\\adventureexpadam\\wp-content\\themes\\adventureexp\\includes\\custom-post-type.php","line":259}

Mar 03 2021 19:23:31
{"type":8,"message":"Undefined variable: labels","file":"E:\\xampp\\htdocs\\adventureexpadam\\wp-content\\themes\\adventureexp\\includes\\custom-post-type.php","line":259}

Mar 03 2021 19:23:32
{"type":8,"message":"Undefined variable: labels","file":"E:\\xampp\\htdocs\\adventureexpadam\\wp-content\\themes\\adventureexp\\includes\\custom-post-type.php","line":259}

Mar 03 2021 19:23:34
{"type":8,"message":"Undefined variable: labels","file":"E:\\xampp\\htdocs\\adventureexpadam\\wp-content\\themes\\adventureexp\\includes\\custom-post-type.php","line":259}

Mar 03 2021 19:23:47
{"type":8,"message":"Undefined variable: labels","file":"E:\\xampp\\htdocs\\adventureexpadam\\wp-content\\themes\\adventureexp\\includes\\custom-post-type.php","line":259}

Mar 03 2021 19:23:59
{"type":8,"message":"Undefined variable: labels","file":"E:\\xampp\\htdocs\\adventureexpadam\\wp-content\\themes\\adventureexp\\includes\\custom-post-type.php","line":259}

Mar 03 2021 19:24:01
{"type":8,"message":"Undefined variable: labels","file":"E:\\xampp\\htdocs\\adventureexpadam\\wp-content\\themes\\adventureexp\\includes\\custom-post-type.php","line":259}

Mar 03 2021 19:24:03
{"type":8,"message":"Undefined variable: labels","file":"E:\\xampp\\htdocs\\adventureexpadam\\wp-content\\themes\\adventureexp\\includes\\custom-post-type.php","line":259}

Mar 03 2021 19:24:03
{"type":8,"message":"Undefined variable: labels","file":"E:\\xampp\\htdocs\\adventureexpadam\\wp-content\\themes\\adventureexp\\includes\\custom-post-type.php","line":259}

Mar 03 2021 19:24:04
{"type":8,"message":"Undefined variable: labels","file":"E:\\xampp\\htdocs\\adventureexpadam\\wp-content\\themes\\adventureexp\\includes\\custom-post-type.php","line":259}

Mar 03 2021 19:24:04
{"type":8,"message":"Undefined variable: labels","file":"E:\\xampp\\htdocs\\adventureexpadam\\wp-content\\themes\\adventureexp\\includes\\custom-post-type.php","line":259}

Mar 05 2021 15:53:24
{"type":8,"message":"Undefined variable: labels","file":"E:\\xampp\\htdocs\\adventureexpadam\\wp-content\\themes\\adventureexp\\includes\\custom-post-type.php","line":292}

Mar 05 2021 15:53:25
{"type":8,"message":"Undefined variable: labels","file":"E:\\xampp\\htdocs\\adventureexpadam\\wp-content\\themes\\adventureexp\\includes\\custom-post-type.php","line":292}

Mar 05 2021 15:53:26
{"type":8,"message":"Undefined variable: labels","file":"E:\\xampp\\htdocs\\adventureexpadam\\wp-content\\themes\\adventureexp\\includes\\custom-post-type.php","line":292}

Mar 05 2021 15:53:27
{"type":8,"message":"Undefined variable: labels","file":"E:\\xampp\\htdocs\\adventureexpadam\\wp-content\\themes\\adventureexp\\includes\\custom-post-type.php","line":292}

Mar 05 2021 15:53:31
{"type":8,"message":"Undefined variable: labels","file":"E:\\xampp\\htdocs\\adventureexpadam\\wp-content\\themes\\adventureexp\\includes\\custom-post-type.php","line":292}

Mar 05 2021 15:53:42
{"type":8,"message":"Undefined variable: labels","file":"E:\\xampp\\htdocs\\adventureexpadam\\wp-content\\themes\\adventureexp\\includes\\custom-post-type.php","line":292}

Mar 05 2021 15:53:53
{"type":8,"message":"Undefined variable: labels","file":"E:\\xampp\\htdocs\\adventureexpadam\\wp-content\\themes\\adventureexp\\includes\\custom-post-type.php","line":292}

Mar 05 2021 15:54:05
{"type":8,"message":"Undefined variable: labels","file":"E:\\xampp\\htdocs\\adventureexpadam\\wp-content\\themes\\adventureexp\\includes\\custom-post-type.php","line":292}

Mar 05 2021 15:54:18
{"type":8,"message":"Undefined variable: labels","file":"E:\\xampp\\htdocs\\adventureexpadam\\wp-content\\themes\\adventureexp\\includes\\custom-post-type.php","line":292}

Mar 05 2021 15:54:30
{"type":8,"message":"Undefined variable: labels","file":"E:\\xampp\\htdocs\\adventureexpadam\\wp-content\\themes\\adventureexp\\includes\\custom-post-type.php","line":292}

Mar 05 2021 15:54:34
{"type":8,"message":"Undefined variable: labels","file":"E:\\xampp\\htdocs\\adventureexpadam\\wp-content\\themes\\adventureexp\\includes\\custom-post-type.php","line":292}

Mar 05 2021 15:54:37
{"type":8,"message":"Undefined variable: labels","file":"E:\\xampp\\htdocs\\adventureexpadam\\wp-content\\themes\\adventureexp\\includes\\custom-post-type.php","line":292}

Mar 05 2021 15:54:38
{"type":8,"message":"Undefined variable: labels","file":"E:\\xampp\\htdocs\\adventureexpadam\\wp-content\\themes\\adventureexp\\includes\\custom-post-type.php","line":292}

Mar 05 2021 15:54:38
{"type":8,"message":"Undefined variable: labels","file":"E:\\xampp\\htdocs\\adventureexpadam\\wp-content\\themes\\adventureexp\\includes\\custom-post-type.php","line":292}

Mar 05 2021 15:54:39
{"type":8,"message":"Undefined variable: labels","file":"E:\\xampp\\htdocs\\adventureexpadam\\wp-content\\themes\\adventureexp\\includes\\custom-post-type.php","line":292}

Mar 05 2021 19:12:41
{"type":8,"message":"Undefined variable: labels","file":"E:\\xampp\\htdocs\\adventureexpadam\\wp-content\\themes\\adventureexp\\includes\\custom-post-type.php","line":292}

Mar 05 2021 19:12:42
{"type":8,"message":"Undefined variable: labels","file":"E:\\xampp\\htdocs\\adventureexpadam\\wp-content\\themes\\adventureexp\\includes\\custom-post-type.php","line":292}

Mar 05 2021 19:12:42
{"type":8,"message":"Undefined variable: labels","file":"E:\\xampp\\htdocs\\adventureexpadam\\wp-content\\themes\\adventureexp\\includes\\custom-post-type.php","line":292}

Mar 05 2021 19:12:43
{"type":8,"message":"Undefined variable: labels","file":"E:\\xampp\\htdocs\\adventureexpadam\\wp-content\\themes\\adventureexp\\includes\\custom-post-type.php","line":292}

Mar 05 2021 19:12:45
{"type":8,"message":"Undefined variable: labels","file":"E:\\xampp\\htdocs\\adventureexpadam\\wp-content\\themes\\adventureexp\\includes\\custom-post-type.php","line":292}

Mar 05 2021 19:12:54
{"type":8,"message":"Undefined variable: labels","file":"E:\\xampp\\htdocs\\adventureexpadam\\wp-content\\themes\\adventureexp\\includes\\custom-post-type.php","line":292}

Mar 05 2021 19:12:55
{"type":8,"message":"Undefined variable: labels","file":"E:\\xampp\\htdocs\\adventureexpadam\\wp-content\\themes\\adventureexp\\includes\\custom-post-type.php","line":292}

Mar 05 2021 19:12:57
{"type":8,"message":"Undefined variable: labels","file":"E:\\xampp\\htdocs\\adventureexpadam\\wp-content\\themes\\adventureexp\\includes\\custom-post-type.php","line":292}

Mar 05 2021 19:12:57
{"type":8,"message":"Undefined variable: labels","file":"E:\\xampp\\htdocs\\adventureexpadam\\wp-content\\themes\\adventureexp\\includes\\custom-post-type.php","line":292}

Mar 05 2021 19:12:58
{"type":8,"message":"Undefined variable: labels","file":"E:\\xampp\\htdocs\\adventureexpadam\\wp-content\\themes\\adventureexp\\includes\\custom-post-type.php","line":292}

Mar 08 2021 10:51:13
{"type":8,"message":"Undefined variable: labels","file":"E:\\xampp\\htdocs\\adventureexpadam\\wp-content\\themes\\adventureexp\\includes\\custom-post-type.php","line":292}

Mar 08 2021 10:51:15
{"type":8,"message":"Undefined variable: labels","file":"E:\\xampp\\htdocs\\adventureexpadam\\wp-content\\themes\\adventureexp\\includes\\custom-post-type.php","line":292}

Mar 08 2021 10:51:18
{"type":8,"message":"Undefined variable: labels","file":"E:\\xampp\\htdocs\\adventureexpadam\\wp-content\\themes\\adventureexp\\includes\\custom-post-type.php","line":292}

Mar 08 2021 10:51:20
{"type":8,"message":"Undefined variable: labels","file":"E:\\xampp\\htdocs\\adventureexpadam\\wp-content\\themes\\adventureexp\\includes\\custom-post-type.php","line":292}

Mar 08 2021 10:51:23
{"type":8,"message":"Undefined variable: labels","file":"E:\\xampp\\htdocs\\adventureexpadam\\wp-content\\themes\\adventureexp\\includes\\custom-post-type.php","line":292}

Mar 08 2021 10:51:26
{"type":8,"message":"Undefined variable: labels","file":"E:\\xampp\\htdocs\\adventureexpadam\\wp-content\\themes\\adventureexp\\includes\\custom-post-type.php","line":292}

Mar 08 2021 10:51:29
{"type":8,"message":"Undefined variable: labels","file":"E:\\xampp\\htdocs\\adventureexpadam\\wp-content\\themes\\adventureexp\\includes\\custom-post-type.php","line":292}

Mar 08 2021 10:51:30
{"type":8,"message":"Undefined variable: labels","file":"E:\\xampp\\htdocs\\adventureexpadam\\wp-content\\themes\\adventureexp\\includes\\custom-post-type.php","line":292}

Mar 08 2021 10:51:31
{"type":8,"message":"Undefined variable: labels","file":"E:\\xampp\\htdocs\\adventureexpadam\\wp-content\\themes\\adventureexp\\includes\\custom-post-type.php","line":292}

Mar 08 2021 10:51:32
{"type":8,"message":"Undefined variable: labels","file":"E:\\xampp\\htdocs\\adventureexpadam\\wp-content\\themes\\adventureexp\\includes\\custom-post-type.php","line":292}

Mar 08 2021 10:51:39
{"type":8,"message":"Undefined variable: labels","file":"E:\\xampp\\htdocs\\adventureexpadam\\wp-content\\themes\\adventureexp\\includes\\custom-post-type.php","line":292}

Mar 08 2021 10:51:40
{"type":8,"message":"Undefined variable: labels","file":"E:\\xampp\\htdocs\\adventureexpadam\\wp-content\\themes\\adventureexp\\includes\\custom-post-type.php","line":292}

Mar 08 2021 10:51:51
{"type":8,"message":"Undefined variable: labels","file":"E:\\xampp\\htdocs\\adventureexpadam\\wp-content\\themes\\adventureexp\\includes\\custom-post-type.php","line":292}

Mar 08 2021 10:52:03
{"type":8,"message":"Undefined variable: labels","file":"E:\\xampp\\htdocs\\adventureexpadam\\wp-content\\themes\\adventureexp\\includes\\custom-post-type.php","line":292}

Mar 08 2021 10:52:14
{"type":8,"message":"Undefined variable: labels","file":"E:\\xampp\\htdocs\\adventureexpadam\\wp-content\\themes\\adventureexp\\includes\\custom-post-type.php","line":292}

Mar 08 2021 10:52:21
{"Number":2,"Message":"fopen(E:\\\\xampp\\\\htdocs\\\\adventureexpadam\\\\wp-content\\\\themes\\\\adventureexp\\\\images\\\\Thumbs.db): failed to open stream: Permission denied","File":"E:\\xampp\\htdocs\\adventureexpadam\\wp-content\\plugins\\all-in-one-wp-migration\\lib\\vendor\\servmask\\archiver\\class-ai1wm-extractor.php","Line":422}

Mar 08 2021 10:52:25
{"type":8,"message":"Undefined variable: labels","file":"E:\\xampp\\htdocs\\adventureexpadam\\wp-content\\themes\\adventureexp\\includes\\custom-post-type.php","line":292}

Mar 08 2021 10:52:35
{"type":8,"message":"Undefined variable: labels","file":"E:\\xampp\\htdocs\\adventureexpadam\\wp-content\\themes\\adventureexp\\includes\\custom-post-type.php","line":292}

Mar 08 2021 10:52:42
{"type":8,"message":"Undefined variable: labels","file":"E:\\xampp\\htdocs\\adventureexpadam\\wp-content\\themes\\adventureexp\\includes\\custom-post-type.php","line":292}

Mar 08 2021 10:52:43
{"type":8,"message":"Undefined variable: labels","file":"E:\\xampp\\htdocs\\adventureexpadam\\wp-content\\themes\\adventureexp\\includes\\custom-post-type.php","line":292}

Mar 08 2021 10:52:58
{"type":8,"message":"Undefined variable: labels","file":"E:\\xampp\\htdocs\\adventureexpadam\\wp-content\\themes\\adventureexp\\includes\\custom-post-type.php","line":292}

Mar 08 2021 10:53:19
{"type":8,"message":"Undefined variable: labels","file":"E:\\xampp\\htdocs\\adventureexpadam\\wp-content\\themes\\adventureexp\\includes\\custom-post-type.php","line":292}

Mar 08 2021 10:54:36
{"type":8,"message":"Undefined variable: labels","file":"E:\\xampp\\htdocs\\adventureexpadam\\wp-content\\themes\\adventureexp\\includes\\custom-post-type.php","line":292}

Mar 08 2021 10:54:37
{"type":8,"message":"Undefined variable: labels","file":"E:\\xampp\\htdocs\\adventureexpadam\\wp-content\\themes\\adventureexp\\includes\\custom-post-type.php","line":292}

Mar 08 2021 10:54:37
{"type":8,"message":"Undefined variable: labels","file":"E:\\xampp\\htdocs\\adventureexpadam\\wp-content\\themes\\adventureexp\\includes\\custom-post-type.php","line":292}

Mar 08 2021 10:54:38
{"type":8,"message":"Undefined variable: labels","file":"E:\\xampp\\htdocs\\adventureexpadam\\wp-content\\themes\\adventureexp\\includes\\custom-post-type.php","line":292}

Mar 08 2021 10:54:38
{"type":8,"message":"Undefined variable: labels","file":"E:\\xampp\\htdocs\\adventureexpadam\\wp-content\\themes\\adventureexp\\includes\\custom-post-type.php","line":292}

Mar 08 2021 10:54:39
{"type":8,"message":"Undefined variable: labels","file":"E:\\xampp\\htdocs\\adventureexpadam\\wp-content\\themes\\adventureexp\\includes\\custom-post-type.php","line":292}

Mar 08 2021 10:54:39
{"type":8,"message":"Undefined variable: labels","file":"E:\\xampp\\htdocs\\adventureexpadam\\wp-content\\themes\\adventureexp\\includes\\custom-post-type.php","line":292}

Mar 08 2021 10:54:40
{"type":8,"message":"Undefined variable: labels","file":"E:\\xampp\\htdocs\\adventureexpadam\\wp-content\\themes\\adventureexp\\includes\\custom-post-type.php","line":292}

Mar 08 2021 10:54:41
{"type":8,"message":"Undefined variable: labels","file":"E:\\xampp\\htdocs\\adventureexpadam\\wp-content\\themes\\adventureexp\\includes\\custom-post-type.php","line":292}

Mar 08 2021 10:54:41
{"type":8,"message":"Undefined variable: labels","file":"E:\\xampp\\htdocs\\adventureexpadam\\wp-content\\themes\\adventureexp\\includes\\custom-post-type.php","line":292}

Mar 08 2021 10:54:47
{"type":8,"message":"Undefined variable: labels","file":"E:\\xampp\\htdocs\\adventureexpadam\\wp-content\\themes\\adventureexp\\includes\\custom-post-type.php","line":292}

Mar 08 2021 10:54:48
{"type":8,"message":"Undefined variable: labels","file":"E:\\xampp\\htdocs\\adventureexpadam\\wp-content\\themes\\adventureexp\\includes\\custom-post-type.php","line":292}

Mar 08 2021 10:54:58
{"type":8,"message":"Undefined variable: labels","file":"E:\\xampp\\htdocs\\adventureexpadam\\wp-content\\themes\\adventureexp\\includes\\custom-post-type.php","line":292}

Mar 08 2021 10:55:05
{"Number":2,"Message":"fopen(E:\\\\xampp\\\\htdocs\\\\adventureexpadam\\\\wp-content\\\\themes\\\\adventureexp\\\\images\\\\Thumbs.db): failed to open stream: Permission denied","File":"E:\\xampp\\htdocs\\adventureexpadam\\wp-content\\plugins\\all-in-one-wp-migration\\lib\\vendor\\servmask\\archiver\\class-ai1wm-extractor.php","Line":422}

Mar 08 2021 10:55:09
{"type":8,"message":"Undefined variable: labels","file":"E:\\xampp\\htdocs\\adventureexpadam\\wp-content\\themes\\adventureexp\\includes\\custom-post-type.php","line":292}

Mar 08 2021 10:55:17
{"type":8,"message":"Undefined variable: labels","file":"E:\\xampp\\htdocs\\adventureexpadam\\wp-content\\themes\\adventureexp\\includes\\custom-post-type.php","line":292}

Mar 08 2021 10:55:19
{"type":8,"message":"Undefined variable: labels","file":"E:\\xampp\\htdocs\\adventureexpadam\\wp-content\\themes\\adventureexp\\includes\\custom-post-type.php","line":292}

Mar 08 2021 10:55:34
{"type":8,"message":"Undefined variable: labels","file":"E:\\xampp\\htdocs\\adventureexpadam\\wp-content\\themes\\adventureexp\\includes\\custom-post-type.php","line":292}

Mar 08 2021 10:55:58
{"type":8,"message":"Undefined variable: labels","file":"E:\\xampp\\htdocs\\adventureexpadam\\wp-content\\themes\\adventureexp\\includes\\custom-post-type.php","line":292}

Mar 08 2021 17:17:06
{"type":8,"message":"Undefined variable: labels","file":"E:\\xampp\\htdocs\\adventureexpadam\\wp-content\\themes\\adventureexp\\includes\\custom-post-type.php","line":292}

Mar 08 2021 17:17:07
{"type":8,"message":"Undefined variable: labels","file":"E:\\xampp\\htdocs\\adventureexpadam\\wp-content\\themes\\adventureexp\\includes\\custom-post-type.php","line":292}

Mar 08 2021 17:17:08
{"type":8,"message":"Undefined variable: labels","file":"E:\\xampp\\htdocs\\adventureexpadam\\wp-content\\themes\\adventureexp\\includes\\custom-post-type.php","line":292}

Mar 08 2021 17:17:09
{"type":8,"message":"Undefined variable: labels","file":"E:\\xampp\\htdocs\\adventureexpadam\\wp-content\\themes\\adventureexp\\includes\\custom-post-type.php","line":292}

Mar 08 2021 17:17:11
{"type":8,"message":"Undefined variable: labels","file":"E:\\xampp\\htdocs\\adventureexpadam\\wp-content\\themes\\adventureexp\\includes\\custom-post-type.php","line":292}

Mar 08 2021 17:17:22
{"type":8,"message":"Undefined variable: labels","file":"E:\\xampp\\htdocs\\adventureexpadam\\wp-content\\themes\\adventureexp\\includes\\custom-post-type.php","line":292}

Mar 08 2021 17:17:34
{"type":8,"message":"Undefined variable: labels","file":"E:\\xampp\\htdocs\\adventureexpadam\\wp-content\\themes\\adventureexp\\includes\\custom-post-type.php","line":292}

Mar 08 2021 17:17:44
{"type":8,"message":"Undefined variable: labels","file":"E:\\xampp\\htdocs\\adventureexpadam\\wp-content\\themes\\adventureexp\\includes\\custom-post-type.php","line":292}

Mar 08 2021 17:17:51
{"type":8,"message":"Undefined variable: labels","file":"E:\\xampp\\htdocs\\adventureexpadam\\wp-content\\themes\\adventureexp\\includes\\custom-post-type.php","line":292}

Mar 08 2021 17:17:54
{"type":8,"message":"Undefined variable: labels","file":"E:\\xampp\\htdocs\\adventureexpadam\\wp-content\\themes\\adventureexp\\includes\\custom-post-type.php","line":292}

Mar 08 2021 17:17:54
{"type":8,"message":"Undefined variable: labels","file":"E:\\xampp\\htdocs\\adventureexpadam\\wp-content\\themes\\adventureexp\\includes\\custom-post-type.php","line":292}

Mar 08 2021 17:17:55
{"type":8,"message":"Undefined variable: labels","file":"E:\\xampp\\htdocs\\adventureexpadam\\wp-content\\themes\\adventureexp\\includes\\custom-post-type.php","line":292}

Mar 08 2021 17:17:55
{"type":8,"message":"Undefined variable: labels","file":"E:\\xampp\\htdocs\\adventureexpadam\\wp-content\\themes\\adventureexp\\includes\\custom-post-type.php","line":292}

